<?xml version="1.0" encoding="UTF-8"?>
<testsuite xmlns:xsi="http://www.w3.org/2001/XMLSchema-instance" xsi:noNamespaceSchemaLocation="https://maven.apache.org/surefire/maven-surefire-plugin/xsd/surefire-test-report-3.0.xsd" version="3.0" name="books.BooksApiTest" time="15.511" tests="4" errors="0" skipped="0" failures="0">
  <properties>
[...]
</properties>
  <testcase name="testBookGetNotFound" classname="books.BooksApiTest" time="0.859">
    <system-out><![CDATA[
  .   ____          _            __ _ _
 /\\ / ___'_ __ _ _(_)_ __  __ _ \ \ \ \
( ( )\___ | '_ | '_| | '_ \/ _` | \ \ \ \
 \\/  ___)| |_)| | | | | || (_| |  ) ) ) )
  '  |____| .__|_| |_|_| |_\__, | / / / /
 =========|_|==============|___/=/_/_/_/

 :: Spring Boot ::                (v3.3.1)

2024-07-10 14:47:05.539 [main] INFO  books.BooksApiTest - Starting BooksApiTest using Java 21.0.3 with PID 11468 (started by muhammad.hassan.ikra in C:\Users\muhammad.hassan.ikra\Downloads\RedMath Training\Lecture 6 Practice\lec-6-prac\lec-6-prac)
2024-07-10 14:47:05.542 [main] INFO  books.BooksApiTest - No active profile set, falling back to 1 default profile: "default"
2024-07-10 14:47:07.594 [main] INFO  o.s.d.r.c.RepositoryConfigurationDelegate - Bootstrapping Spring Data JPA repositories in DEFAULT mode.
2024-07-10 14:47:07.686 [main] INFO  o.s.d.r.c.RepositoryConfigurationDelegate - Finished Spring Data repository scanning in 79 ms. Found 2 JPA repository interfaces.
2024-07-10 14:47:09.028 [main] INFO  com.zaxxer.hikari.HikariDataSource - HikariPool-1 - Starting...
2024-07-10 14:47:09.550 [main] INFO  com.zaxxer.hikari.pool.HikariPool - HikariPool-1 - Added connection conn0: url=jdbc:h2:mem:books user=TEST
2024-07-10 14:47:09.554 [main] INFO  com.zaxxer.hikari.HikariDataSource - HikariPool-1 - Start completed.
2024-07-10 14:47:09.730 [main] INFO  liquibase.database - Set default schema name to PUBLIC
2024-07-10 14:47:11.056 [main] INFO  liquibase.changelog - Creating database history table with name: PUBLIC.DATABASECHANGELOG
2024-07-10 14:47:11.233 [main] INFO  liquibase.changelog - Reading from PUBLIC.DATABASECHANGELOG
2024-07-10 14:47:11.354 [main] INFO  liquibase.lockservice - Successfully acquired change log lock
2024-07-10 14:47:11.355 [main] INFO  liquibase.command - Using deploymentId: 0604831354
2024-07-10 14:47:11.357 [main] INFO  liquibase.changelog - Reading from PUBLIC.DATABASECHANGELOG
2024-07-10 14:47:11.392 [main] INFO  liquibase.ui - Running Changeset: db/changelog/db.changelog-lecture02.yaml::schema-0.0.1::books team
2024-07-10 14:47:11.398 [main] INFO  liquibase.changelog - Table books created
2024-07-10 14:47:11.399 [main] INFO  liquibase.changelog - ChangeSet db/changelog/db.changelog-lecture02.yaml::schema-0.0.1::books team ran successfully in 6ms
2024-07-10 14:47:11.408 [main] INFO  liquibase.ui - Running Changeset: db/changelog/db.changelog-lecture02.yaml::data-0.0.1::books team
2024-07-10 14:47:11.411 [main] INFO  liquibase.changelog - New row inserted into books
2024-07-10 14:47:11.413 [main] INFO  liquibase.changelog - New row inserted into books
2024-07-10 14:47:11.413 [main] INFO  liquibase.changelog - ChangeSet db/changelog/db.changelog-lecture02.yaml::data-0.0.1::books team ran successfully in 4ms
2024-07-10 14:47:11.417 [main] INFO  liquibase.ui - Running Changeset: db/changelog/db.changelog-lecture03.yaml::schema-0.0.2::books team
2024-07-10 14:47:11.420 [main] INFO  liquibase.changelog - Table users created
2024-07-10 14:47:11.423 [main] INFO  liquibase.changelog - Primary key added to users (user_id)
2024-07-10 14:47:11.427 [main] INFO  liquibase.changelog - Unique constraint added to users(username)
2024-07-10 14:47:11.427 [main] INFO  liquibase.changelog - ChangeSet db/changelog/db.changelog-lecture03.yaml::schema-0.0.2::books team ran successfully in 10ms
2024-07-10 14:47:11.433 [main] INFO  liquibase.ui - Running Changeset: db/changelog/db.changelog-lecture03.yaml::data-0.0.2::books team
2024-07-10 14:47:11.437 [main] INFO  liquibase.changelog - New row inserted into users
2024-07-10 14:47:11.439 [main] INFO  liquibase.changelog - New row inserted into users
2024-07-10 14:47:11.441 [main] INFO  liquibase.changelog - New row inserted into users
2024-07-10 14:47:11.442 [main] INFO  liquibase.changelog - ChangeSet db/changelog/db.changelog-lecture03.yaml::data-0.0.2::books team ran successfully in 7ms
2024-07-10 14:47:11.451 [main] INFO  liquibase.util - UPDATE SUMMARY
2024-07-10 14:47:11.451 [main] INFO  liquibase.util - Run:                          4
2024-07-10 14:47:11.452 [main] INFO  liquibase.util - Previously run:               0
2024-07-10 14:47:11.452 [main] INFO  liquibase.util - Filtered out:                 0
2024-07-10 14:47:11.452 [main] INFO  liquibase.util - -------------------------------
2024-07-10 14:47:11.452 [main] INFO  liquibase.util - Total change sets:            4
2024-07-10 14:47:11.453 [main] INFO  liquibase.util - Update summary generated
2024-07-10 14:47:11.457 [main] INFO  liquibase.command - Update command completed successfully.
2024-07-10 14:47:11.457 [main] INFO  liquibase.ui - Liquibase: Update has been successful. Rows affected: 9
2024-07-10 14:47:11.459 [main] INFO  liquibase.lockservice - Successfully released change log lock
2024-07-10 14:47:11.460 [main] INFO  liquibase.command - Command execution complete
2024-07-10 14:47:11.642 [main] INFO  o.h.jpa.internal.util.LogHelper - HHH000204: Processing PersistenceUnitInfo [name: default]
2024-07-10 14:47:11.815 [main] INFO  org.hibernate.Version - HHH000412: Hibernate ORM core version 6.5.2.Final
2024-07-10 14:47:11.871 [main] INFO  o.h.c.i.RegionFactoryInitiator - HHH000026: Second-level cache disabled
2024-07-10 14:47:12.441 [main] INFO  o.s.o.j.p.SpringPersistenceUnitInfo - No LoadTimeWeaver setup: ignoring JPA class transformer
2024-07-10 14:47:14.096 [main] INFO  o.h.e.t.j.p.i.JtaPlatformInitiator - HHH000489: No JTA platform available (set 'hibernate.transaction.jta.platform' to enable JTA platform integration)
2024-07-10 14:47:14.100 [main] INFO  o.s.o.j.LocalContainerEntityManagerFactoryBean - Initialized JPA EntityManagerFactory for persistence unit 'default'
2024-07-10 14:47:15.093 [main] INFO  o.s.s.c.a.a.c.InitializeUserDetailsBeanManagerConfigurer$InitializeUserDetailsManagerConfigurer - Global AuthenticationManager configured with UserDetailsService bean with name userService
2024-07-10 14:47:15.242 [main] INFO  o.s.b.a.w.s.WelcomePageHandlerMapping - Adding welcome page: class path resource [static/index.html]
2024-07-10 14:47:16.128 [main] INFO  o.s.b.a.e.web.EndpointLinksResolver - Exposing 15 endpoints beneath base path '/actuator'
2024-07-10 14:47:17.324 [main] INFO  o.s.b.a.h.H2ConsoleAutoConfiguration - H2 console available at '/h2-console'. Database available at 'jdbc:h2:mem:books'
2024-07-10 14:47:17.382 [main] WARN  o.s.s.c.a.web.builders.WebSecurity - You are asking Spring Security to ignore Ant [pattern='/api/v1/books', GET]. This is not recommended -- please use permitAll via HttpSecurity#authorizeHttpRequests instead.
2024-07-10 14:47:17.383 [main] WARN  o.s.s.c.a.web.builders.WebSecurity - You are asking Spring Security to ignore Ant [pattern='/api/v1/books/**', GET]. This is not recommended -- please use permitAll via HttpSecurity#authorizeHttpRequests instead.
2024-07-10 14:47:17.383 [main] WARN  o.s.s.c.a.web.builders.WebSecurity - You are asking Spring Security to ignore Ant [pattern='/swagger-ui/**', GET]. This is not recommended -- please use permitAll via HttpSecurity#authorizeHttpRequests instead.
2024-07-10 14:47:17.383 [main] WARN  o.s.s.c.a.web.builders.WebSecurity - You are asking Spring Security to ignore Ant [pattern='/v3/api-docs', GET]. This is not recommended -- please use permitAll via HttpSecurity#authorizeHttpRequests instead.
2024-07-10 14:47:17.383 [main] WARN  o.s.s.c.a.web.builders.WebSecurity - You are asking Spring Security to ignore Ant [pattern='/v3/api-docs/**', GET]. This is not recommended -- please use permitAll via HttpSecurity#authorizeHttpRequests instead.
2024-07-10 14:47:17.383 [main] WARN  o.s.s.c.a.web.builders.WebSecurity - You are asking Spring Security to ignore Ant [pattern='/index.html', GET]. This is not recommended -- please use permitAll via HttpSecurity#authorizeHttpRequests instead.
2024-07-10 14:47:17.383 [main] WARN  o.s.s.c.a.web.builders.WebSecurity - You are asking Spring Security to ignore Ant [pattern='/index.js', GET]. This is not recommended -- please use permitAll via HttpSecurity#authorizeHttpRequests instead.
2024-07-10 14:47:17.489 [main] INFO  o.s.b.t.m.w.SpringBootMockServletContext - Initializing Spring TestDispatcherServlet ''
2024-07-10 14:47:17.490 [main] INFO  o.s.t.w.s.TestDispatcherServlet - Initializing Servlet ''
2024-07-10 14:47:17.491 [main] INFO  o.s.t.w.s.TestDispatcherServlet - Completed initialization in 1 ms
2024-07-10 14:47:17.594 [main] INFO  books.BooksApiTest - Started BooksApiTest in 12.979 seconds (process running for 15.327)

MockHttpServletRequest:
      HTTP Method = GET
      Request URI = /api/v1/books/999
       Parameters = {}
          Headers = []
             Body = null
    Session Attrs = {}

Handler:
             Type = com.redmath.lec_6_prac.books.BooksController
           Method = com.redmath.lec_6_prac.books.BooksController#get(Long)

Async:
    Async started = false
     Async result = null

Resolved Exception:
             Type = null

ModelAndView:
        View name = null
             View = null
            Model = null

FlashMap:
       Attributes = null

MockHttpServletResponse:
           Status = 404
    Error message = null
          Headers = []
     Content type = null
             Body = 
    Forwarded URL = null
   Redirected URL = null
          Cookies = []
]]></system-out>
    <system-err><![CDATA[WARNING: A Java agent has been loaded dynamically (C:\Users\muhammad.hassan.ikra\.m2\repository\net\bytebuddy\byte-buddy-agent\1.14.17\byte-buddy-agent-1.14.17.jar)
WARNING: If a serviceability tool is in use, please run with -XX:+EnableDynamicAgentLoading to hide this warning
WARNING: If a serviceability tool is not in use, please run with -Djdk.instrument.traceUsage for more information
WARNING: Dynamic loading of agents will be disallowed by default in a future release
]]></system-err>
  </testcase>
  <testcase name="testBooksPostSuccess" classname="books.BooksApiTest" time="0.281">
    <system-out><![CDATA[
MockHttpServletRequest:
      HTTP Method = POST
      Request URI = /api/v1/postbooks
       Parameters = {_csrf=[8a64b876-b6f9-47b0-b06a-195955757225]}
          Headers = [Content-Type:"application/json;charset=UTF-8", Content-Length:"97"]
             Body = {"title":"Sample Book Title","author":"Sample Author","publishedDate":"2023-07-10","price":29.99}
    Session Attrs = {SPRING_SECURITY_CONTEXT=SecurityContextImpl [Authentication=UsernamePasswordAuthenticationToken [Principal=org.springframework.security.core.userdetails.User [Username=test, Password=[PROTECTED], Enabled=true, AccountNonExpired=true, CredentialsNonExpired=true, AccountNonLocked=true, Granted Authorities=[bookreporter]], Credentials=[PROTECTED], Authenticated=true, Details=null, Granted Authorities=[bookreporter]]]}

Handler:
             Type = com.redmath.lec_6_prac.books.BooksController
           Method = com.redmath.lec_6_prac.books.BooksController#create(Books)

Async:
    Async started = false
     Async result = null

Resolved Exception:
             Type = null

ModelAndView:
        View name = null
             View = null
            Model = null

FlashMap:
       Attributes = null

MockHttpServletResponse:
           Status = 201
    Error message = null
          Headers = [Vary:"Origin", "Access-Control-Request-Method", "Access-Control-Request-Headers", Location:"/api/v1/postbooks/1720604838765", Content-Type:"application/json", X-Content-Type-Options:"nosniff", X-XSS-Protection:"0", Cache-Control:"no-cache, no-store, max-age=0, must-revalidate", Pragma:"no-cache", Expires:"0", X-Frame-Options:"DENY"]
     Content type = application/json
             Body = {"id":1720604838765,"title":"Sample Book Title","author":"test","publishedDate":"2024-07-10","price":29.99,"bookId":1720604838765}
    Forwarded URL = null
   Redirected URL = /api/v1/postbooks/1720604838765
          Cookies = []
]]></system-out>
  </testcase>
  <testcase name="testBookGetSuccess" classname="books.BooksApiTest" time="0.026">
    <system-out><![CDATA[
MockHttpServletRequest:
      HTTP Method = GET
      Request URI = /api/v1/books/1
       Parameters = {}
          Headers = []
             Body = null
    Session Attrs = {}

Handler:
             Type = com.redmath.lec_6_prac.books.BooksController
           Method = com.redmath.lec_6_prac.books.BooksController#get(Long)

Async:
    Async started = false
     Async result = null

Resolved Exception:
             Type = null

ModelAndView:
        View name = null
             View = null
            Model = null

FlashMap:
       Attributes = null

MockHttpServletResponse:
           Status = 200
    Error message = null
          Headers = [Content-Type:"application/json"]
     Content type = application/json
             Body = {"id":1,"title":"Sample Book 1","author":"Author 1","publishedDate":"2022-01-01","price":9.99,"bookId":1}
    Forwarded URL = null
   Redirected URL = null
          Cookies = []
]]></system-out>
  </testcase>
  <testcase name="testBookGetListSuccess" classname="books.BooksApiTest" time="0.174">
    <system-out><![CDATA[
MockHttpServletRequest:
      HTTP Method = GET
      Request URI = /api/v1/books
       Parameters = {}
          Headers = []
             Body = null
    Session Attrs = {}

Handler:
             Type = com.redmath.lec_6_prac.books.BooksController
           Method = com.redmath.lec_6_prac.books.BooksController#getBooks(Integer, Integer)

Async:
    Async started = false
     Async result = null

Resolved Exception:
             Type = null

ModelAndView:
        View name = null
             View = null
            Model = null

FlashMap:
       Attributes = null

MockHttpServletResponse:
           Status = 200
    Error message = null
          Headers = [Content-Type:"application/json"]
     Content type = application/json
             Body = [{"id":1,"title":"Sample Book 1","author":"Author 1","publishedDate":"2022-01-01","price":9.99,"bookId":1},{"id":2,"title":"Sample Book 2","author":"Author 2","publishedDate":"2023-01-01","price":19.99,"bookId":2},{"id":1720604838765,"title":"Sample Book Title","author":"test","publishedDate":"2024-07-10","price":29.99,"bookId":1720604838765}]
    Forwarded URL = null
   Redirected URL = null
          Cookies = []
]]></system-out>
  </testcase>
</testsuite>