<?xml version="1.0" encoding="UTF-8"?>
<testsuite xmlns:xsi="http://www.w3.org/2001/XMLSchema-instance" xsi:noNamespaceSchemaLocation="https://maven.apache.org/surefire/maven-surefire-plugin/xsd/surefire-test-report-3.0.xsd" version="3.0" name="com.redmath.lec_6_prac.ApplicationTests" time="2.275" tests="1" errors="0" skipped="0" failures="0">
  <properties>
[...]
</properties>
  <testcase name="contextLoads" classname="com.redmath.lec_6_prac.ApplicationTests" time="0.012">
    <system-out><![CDATA[2024-07-10 14:47:19.156 [main] INFO  o.s.t.c.s.AnnotationConfigContextLoaderUtils - Could not detect default configuration classes for test class [com.redmath.lec_6_prac.ApplicationTests]: ApplicationTests does not declare any static, non-private, non-final, nested classes annotated with @Configuration.
2024-07-10 14:47:19.213 [main] INFO  o.s.b.t.c.SpringBootTestContextBootstrapper - Found @SpringBootConfiguration com.redmath.lec_6_prac.Application for test class com.redmath.lec_6_prac.ApplicationTests

  .   ____          _            __ _ _
 /\\ / ___'_ __ _ _(_)_ __  __ _ \ \ \ \
( ( )\___ | '_ | '_| | '_ \/ _` | \ \ \ \
 \\/  ___)| |_)| | | | | || (_| |  ) ) ) )
  '  |____| .__|_| |_|_| |_\__, | / / / /
 =========|_|==============|___/=/_/_/_/

 :: Spring Boot ::                (v3.3.1)

2024-07-10 14:47:19.255 [main] INFO  c.r.lec_6_prac.ApplicationTests - Starting ApplicationTests using Java 21.0.3 with PID 11468 (started by muhammad.hassan.ikra in C:\Users\muhammad.hassan.ikra\Downloads\RedMath Training\Lecture 6 Practice\lec-6-prac\lec-6-prac)
2024-07-10 14:47:19.255 [main] INFO  c.r.lec_6_prac.ApplicationTests - No active profile set, falling back to 1 default profile: "default"
2024-07-10 14:47:19.893 [main] INFO  o.s.d.r.c.RepositoryConfigurationDelegate - Bootstrapping Spring Data JPA repositories in DEFAULT mode.
2024-07-10 14:47:19.903 [main] INFO  o.s.d.r.c.RepositoryConfigurationDelegate - Finished Spring Data repository scanning in 9 ms. Found 2 JPA repository interfaces.
2024-07-10 14:47:20.081 [main] INFO  com.zaxxer.hikari.HikariDataSource - HikariPool-2 - Starting...
2024-07-10 14:47:20.082 [main] INFO  com.zaxxer.hikari.pool.HikariPool - HikariPool-2 - Added connection conn10: url=jdbc:h2:mem:books user=TEST
2024-07-10 14:47:20.083 [main] INFO  com.zaxxer.hikari.HikariDataSource - HikariPool-2 - Start completed.
2024-07-10 14:47:20.090 [main] INFO  liquibase.database - Set default schema name to PUBLIC
2024-07-10 14:47:20.210 [main] INFO  liquibase.changelog - Reading from PUBLIC.DATABASECHANGELOG
2024-07-10 14:47:20.226 [main] INFO  liquibase.lockservice - Successfully acquired change log lock
2024-07-10 14:47:20.226 [main] INFO  liquibase.command - Using deploymentId: 0604840226
2024-07-10 14:47:20.227 [main] INFO  liquibase.changelog - Reading from PUBLIC.DATABASECHANGELOG
2024-07-10 14:47:20.230 [main] INFO  liquibase.util - UPDATE SUMMARY
2024-07-10 14:47:20.230 [main] INFO  liquibase.util - Run:                          0
2024-07-10 14:47:20.230 [main] INFO  liquibase.util - Previously run:               4
2024-07-10 14:47:20.230 [main] INFO  liquibase.util - Filtered out:                 0
2024-07-10 14:47:20.230 [main] INFO  liquibase.util - -------------------------------
2024-07-10 14:47:20.230 [main] INFO  liquibase.util - Total change sets:            4
2024-07-10 14:47:20.230 [main] INFO  liquibase.util - Update summary generated
2024-07-10 14:47:20.231 [main] INFO  liquibase.command - Update command completed successfully.
2024-07-10 14:47:20.231 [main] INFO  liquibase.ui - Liquibase: Update has been successful. Rows affected: 0
2024-07-10 14:47:20.232 [main] INFO  liquibase.lockservice - Successfully released change log lock
2024-07-10 14:47:20.232 [main] INFO  liquibase.command - Command execution complete
2024-07-10 14:47:20.268 [main] INFO  o.h.jpa.internal.util.LogHelper - HHH000204: Processing PersistenceUnitInfo [name: default]
2024-07-10 14:47:20.272 [main] INFO  o.h.c.i.RegionFactoryInitiator - HHH000026: Second-level cache disabled
2024-07-10 14:47:20.283 [main] INFO  o.s.o.j.p.SpringPersistenceUnitInfo - No LoadTimeWeaver setup: ignoring JPA class transformer
2024-07-10 14:47:20.360 [main] INFO  o.h.e.t.j.p.i.JtaPlatformInitiator - HHH000489: No JTA platform available (set 'hibernate.transaction.jta.platform' to enable JTA platform integration)
2024-07-10 14:47:20.361 [main] INFO  o.s.o.j.LocalContainerEntityManagerFactoryBean - Initialized JPA EntityManagerFactory for persistence unit 'default'
2024-07-10 14:47:20.605 [main] INFO  o.s.s.c.a.a.c.InitializeUserDetailsBeanManagerConfigurer$InitializeUserDetailsManagerConfigurer - Global AuthenticationManager configured with UserDetailsService bean with name userService
2024-07-10 14:47:20.623 [main] INFO  o.s.b.a.w.s.WelcomePageHandlerMapping - Adding welcome page: class path resource [static/index.html]
2024-07-10 14:47:20.901 [main] INFO  o.s.b.a.e.web.EndpointLinksResolver - Exposing 15 endpoints beneath base path '/actuator'
2024-07-10 14:47:21.327 [main] INFO  o.s.b.a.h.H2ConsoleAutoConfiguration - H2 console available at '/h2-console'. Database available at 'jdbc:h2:mem:books'
2024-07-10 14:47:21.362 [main] WARN  o.s.s.c.a.web.builders.WebSecurity - You are asking Spring Security to ignore Ant [pattern='/api/v1/books', GET]. This is not recommended -- please use permitAll via HttpSecurity#authorizeHttpRequests instead.
2024-07-10 14:47:21.362 [main] WARN  o.s.s.c.a.web.builders.WebSecurity - You are asking Spring Security to ignore Ant [pattern='/api/v1/books/**', GET]. This is not recommended -- please use permitAll via HttpSecurity#authorizeHttpRequests instead.
2024-07-10 14:47:21.362 [main] WARN  o.s.s.c.a.web.builders.WebSecurity - You are asking Spring Security to ignore Ant [pattern='/swagger-ui/**', GET]. This is not recommended -- please use permitAll via HttpSecurity#authorizeHttpRequests instead.
2024-07-10 14:47:21.362 [main] WARN  o.s.s.c.a.web.builders.WebSecurity - You are asking Spring Security to ignore Ant [pattern='/v3/api-docs', GET]. This is not recommended -- please use permitAll via HttpSecurity#authorizeHttpRequests instead.
2024-07-10 14:47:21.362 [main] WARN  o.s.s.c.a.web.builders.WebSecurity - You are asking Spring Security to ignore Ant [pattern='/v3/api-docs/**', GET]. This is not recommended -- please use permitAll via HttpSecurity#authorizeHttpRequests instead.
2024-07-10 14:47:21.362 [main] WARN  o.s.s.c.a.web.builders.WebSecurity - You are asking Spring Security to ignore Ant [pattern='/index.html', GET]. This is not recommended -- please use permitAll via HttpSecurity#authorizeHttpRequests instead.
2024-07-10 14:47:21.363 [main] WARN  o.s.s.c.a.web.builders.WebSecurity - You are asking Spring Security to ignore Ant [pattern='/index.js', GET]. This is not recommended -- please use permitAll via HttpSecurity#authorizeHttpRequests instead.
2024-07-10 14:47:21.411 [main] INFO  c.r.lec_6_prac.ApplicationTests - Started ApplicationTests in 2.19 seconds (process running for 19.145)
]]></system-out>
  </testcase>
</testsuite>