<?xml version="1.0" encoding="UTF-8"?>
<testsuite xmlns:xsi="http://www.w3.org/2001/XMLSchema-instance" xsi:noNamespaceSchemaLocation="https://maven.apache.org/surefire/maven-surefire-plugin/xsd/surefire-test-report-3.0.xsd" version="3.0" name="com.redmath.lec1_prac.userinfo.UserInfoControllerTest" time="0.798" tests="1" errors="0" skipped="0" failures="0">
  <properties>
[...]
</properties>
  <testcase name="testHelloWorldSuccess" classname="com.redmath.lec1_prac.userinfo.UserInfoControllerTest" time="0.377">
    <system-out><![CDATA[2024-07-04T09:52:29.589+05:00  INFO 6240 --- [lec1-prac] [           main] t.c.s.AnnotationConfigContextLoaderUtils : Could not detect default configuration classes for test class [com.redmath.lec1_prac.userinfo.UserInfoControllerTest]: UserInfoControllerTest does not declare any static, non-private, non-final, nested classes annotated with @Configuration.
2024-07-04T09:52:29.605+05:00  INFO 6240 --- [lec1-prac] [           main] .b.t.c.SpringBootTestContextBootstrapper : Found @SpringBootConfiguration com.redmath.lec1_prac.Lec1PracApplication for test class com.redmath.lec1_prac.userinfo.UserInfoControllerTest

  .   ____          _            __ _ _
 /\\ / ___'_ __ _ _(_)_ __  __ _ \ \ \ \
( ( )\___ | '_ | '_| | '_ \/ _` | \ \ \ \
 \\/  ___)| |_)| | | | | || (_| |  ) ) ) )
  '  |____| .__|_| |_|_| |_\__, | / / / /
 =========|_|==============|___/=/_/_/_/

 :: Spring Boot ::                (v3.3.1)

2024-07-04T09:52:29.668+05:00  INFO 6240 --- [lec1-prac] [           main] c.r.l.userinfo.UserInfoControllerTest    : Starting UserInfoControllerTest using Java 21.0.3 with PID 6240 (started by muhammad.hassan.ikra in C:\Users\muhammad.hassan.ikra\Downloads\Lecture 1 Practice\lec1-prac\lec1-prac)
2024-07-04T09:52:29.668+05:00  INFO 6240 --- [lec1-prac] [           main] c.r.l.userinfo.UserInfoControllerTest    : No active profile set, falling back to 1 default profile: "default"
2024-07-04T09:52:29.994+05:00  INFO 6240 --- [lec1-prac] [           main] o.s.b.t.m.w.SpringBootMockServletContext : Initializing Spring TestDispatcherServlet ''
2024-07-04T09:52:29.994+05:00  INFO 6240 --- [lec1-prac] [           main] o.s.t.web.servlet.TestDispatcherServlet  : Initializing Servlet ''
2024-07-04T09:52:29.994+05:00  INFO 6240 --- [lec1-prac] [           main] o.s.t.web.servlet.TestDispatcherServlet  : Completed initialization in 0 ms
2024-07-04T09:52:30.010+05:00  INFO 6240 --- [lec1-prac] [           main] c.r.l.userinfo.UserInfoControllerTest    : Started UserInfoControllerTest in 0.405 seconds (process running for 5.718)

MockHttpServletRequest:
      HTTP Method = GET
      Request URI = /api/v1/userinfo
       Parameters = {}
          Headers = []
             Body = null
    Session Attrs = {}

Handler:
             Type = com.redmath.lec1_prac.userinfo.UserInfoController
           Method = com.redmath.lec1_prac.userinfo.UserInfoController#userinfo()

Async:
    Async started = false
     Async result = null

Resolved Exception:
             Type = null

ModelAndView:
        View name = null
             View = null
            Model = null

FlashMap:
       Attributes = null

MockHttpServletResponse:
           Status = 200
    Error message = null
          Headers = [Content-Type:"application/json"]
     Content type = application/json
             Body = {"created_at":"2024-07-04T09:52:30.1821357","name":"Hassan","age":23}
    Forwarded URL = null
   Redirected URL = null
          Cookies = []
]]></system-out>
  </testcase>
</testsuite>